wandb: [wandb.login()] Loaded credentials for https://api.wandb.ai from /home/slo/.netrc.
wandb: Currently logged in as: teedsingyau (arc_agi) to https://api.wandb.ai. Use `wandb login --relogin` to force relogin
wandb: setting up run ztxs2h8a
wandb: Tracking run with wandb version 0.26.0
wandb: Run data is saved locally in /fs04/scratch2/vf38/sloo0021/slm_repo/wandb/run-20260616_062219-ztxs2h8a
wandb: Run `wandb offline` to turn off syncing.
wandb: Syncing run lr-sweep-42M-lr3e-1
wandb: вӯҗпёҸ View project at https://wandb.ai/arc_agi/slm-instability
wandb: рҹҡҖ View run at https://wandb.ai/arc_agi/slm-instability/runs/ztxs2h8a
wandb: WARNING Artifact "figure2_qk_false_repro" already exists with the same content. No new version will be created.
/home/slo/.conda/envs/slm_ven/lib/python3.10/site-packages/torch/optim/lr_scheduler.py:240: UserWarning: The epoch parameter in `scheduler.step()` was not necessary and is being deprecated where possible. Please use `scheduler.step()` to step the scheduler. During the deprecation, if epoch is different from None, the closed form is used instead of the new chainable form, where available. Please open an issue if you are unable to replicate your use case: https://github.com/pytorch/pytorch/issues/new/choose.
  warnings.warn(EPOCH_DEPRECATION_WARNING, UserWarning)
wandb: updating run metadata
wandb: uploading config.yaml; uploading output.log; uploading wandb-summary.json
wandb: uploading output.log; uploading wandb-summary.json
wandb: uploading history steps 1992-1999, summary, console lines 2013-2021
wandb: 
wandb: Run history:
wandb:   diagnostics/grad_norm в–Ғв–Ғв–Ғв–Ғв–Ғв–Ғв–Ғв–Ғв–Ғв–Ғв–Ғв–Ғв–Ғв–Ғв–Ғв–Ғв–Ҷв–Ҳв–Ӯв–Ҳв–…в–Ғв–Ғв–Ғв–Ғв–Ғв–Ғв–Ғв–Ғв–Ғв–Ғв–Ӯв–Ғв–Ғв–Ғв–Ғв–Ғв–Ғв–Ғв–Ғ
wandb:      eval/best_val_loss в–Ҳв–Ҷв–Ғв–Ғ
wandb:   eval/num_eval_batches в–Ғв–Ғв–Ғв–Ғ
wandb:           eval/val_loss в–Ҳв–Ҷв–Ғв–Ғ
wandb:            optimizer/lr в–„в–„в–Ҳв–Ҳв–Ҳв–Ҳв–Ҳв–Ҳв–Ҳв–Ҳв–Ҳв–Үв–Үв–Үв–Үв–Ҷв–Ҷв–…в–…в–…в–…в–…в–…в–…в–„в–„в–„в–ғв–ғв–ғв–ғв–Ӯв–Ӯв–Ӯв–Ӯв–Ғв–Ғв–Ғв–Ғв–Ғ
wandb:          step/grad_norm в–Ғв–Ғв–Ғв–Ғв–Ғв–Ғв–Ғв–Ғв–Ғв–Ғв–Ғв–Ғв–Ғв–Ғв–Ғв–Ғв–Ғв–Ғв–Ғв–Ғв–Ғв–Ғв–Ғв–Ғв–Ғв–Ғв–Ғв–Ғв–Ғв–Ғв–Ғв–Ғв–Ғв–Ғв–Ғв–Ғв–Ғв–Ғв–Ҳв–Ғ
wandb:               step/loss в–Ғв–Ғв–Ғв–Ӯв–Ӯв–Ӯв–Ӯв–Ӯв–ғв–Ҷв–Ҳв–ғв–Ӯв–Ӯв–Ӯв–„в–ғв–ғв–ғв–ғв–Ӯв–Ӯв–Ӯв–Ғв–Ғв–Ғв–Ғв–Ғв–Ғв–Ғв–Ғв–Ғв–Ғв–Ғв–Ғв–Ғв–Ғв–Ғв–Ғв–Ғ
wandb:                 step/lr в–Ӯв–Ӯв–Ҳв–Ҳв–Ҳв–Ҳв–Ҳв–Ҳв–Ҳв–Ҳв–Үв–Үв–Үв–Үв–Үв–Ҷв–Ҷв–Ҷв–Ҷв–Ҷв–…в–„в–„в–„в–„в–ғв–ғв–ғв–Ӯв–Ӯв–Ӯв–Ӯв–Ӯв–Ӯв–Ғв–Ғв–Ғв–Ғв–Ғв–Ғ
wandb:   step/num_eval_batches в–Ғв–Ғв–Ғв–Ғ
wandb: step/samples_this_batch в–Ғв–Ғв–Ғв–Ғв–Ғв–Ғв–Ғв–Ғв–Ғв–Ғв–Ғв–Ғв–Ғв–Ғв–Ғв–Ғв–Ғв–Ғв–Ғв–Ғв–Ғв–Ғв–Ғв–Ғв–Ғв–Ғв–Ғв–Ғв–Ғв–Ғв–Ғв–Ғв–Ғв–Ғв–Ғв–Ғв–Ғв–Ғв–Ғв–Ғ
wandb:                     +10 ...
wandb: 
wandb: Run summary:
wandb:                   best_val_loss 13.54144
wandb:           diagnostics/grad_norm 1545464576.0
wandb: diagnostics/has_nan_or_inf_loss False
wandb:                 elapsed_seconds 2264.0368
wandb:              eval/best_val_loss 13.54144
wandb:           eval/num_eval_batches 7
wandb:                   eval/val_loss 13.54144
wandb:                 last_train_loss 13.1427
wandb:                   last_val_loss 13.54144
wandb:                    optimizer/lr 1e-05
wandb:                             +30 ...
wandb: 
wandb: рҹҡҖ View run lr-sweep-42M-lr3e-1 at: https://wandb.ai/arc_agi/slm-instability/runs/ztxs2h8a
wandb: вӯҗпёҸ View project at: https://wandb.ai/arc_agi/slm-instability
wandb: Synced 7 W&B file(s), 0 media file(s), 0 artifact file(s) and 0 other file(s)
wandb: Find logs at: ./wandb/run-20260616_062219-ztxs2h8a/logs
