wandb: [wandb.login()] Loaded credentials for https://api.wandb.ai from /home/slo/.netrc.
wandb: Currently logged in as: teedsingyau (arc_agi) to https://api.wandb.ai. Use `wandb login --relogin` to force relogin
wandb: setting up run d1y1jn0a
wandb: Tracking run with wandb version 0.26.0
wandb: Run data is saved locally in /fs04/scratch2/vf38/sloo0021/slm_repo/wandb/run-20260616_055928-d1y1jn0a
wandb: Run `wandb offline` to turn off syncing.
wandb: Syncing run lr-sweep-42M-lr3e-2
wandb: ‚≠źÔłŹ View project at https://wandb.ai/arc_agi/slm-instability
wandb: ūüöÄ View run at https://wandb.ai/arc_agi/slm-instability/runs/d1y1jn0a
wandb: WARNING Artifact "figure2_qk_false_repro" already exists with the same content. No new version will be created.
/home/slo/.conda/envs/slm_ven/lib/python3.10/site-packages/torch/optim/lr_scheduler.py:240: UserWarning: The epoch parameter in `scheduler.step()` was not necessary and is being deprecated where possible. Please use `scheduler.step()` to step the scheduler. During the deprecation, if epoch is different from None, the closed form is used instead of the new chainable form, where available. Please open an issue if you are unable to replicate your use case: https://github.com/pytorch/pytorch/issues/new/choose.
  warnings.warn(EPOCH_DEPRECATION_WARNING, UserWarning)
wandb: updating run metadata
wandb: uploading config.yaml; uploading output.log; uploading wandb-summary.json
wandb: uploading output.log; uploading history steps 1990-1999, summary, console lines 2011-2021
wandb: uploading data
wandb: 
wandb: Run history:
wandb:   diagnostics/grad_norm ‚ĖĀ‚ĖĀ‚ĖĀ‚ĖĀ‚ĖĀ‚ĖĀ‚Ėā‚ĖĀ‚Ėā‚Ėā‚ĖĄ‚Ėā‚ĖĀ‚ĖĀ‚Ėā‚Ėā‚ĖÉ‚Ėā‚ĖĀ‚ĖĀ‚ĖĀ‚ĖĀ‚ĖÉ‚ĖĀ‚ĖĀ‚ĖĀ‚ĖĀ‚ĖĀ‚ĖĀ‚ĖĀ‚Ėą‚ĖĀ‚ĖĀ‚ĖĀ‚ĖĀ‚ĖĀ‚ĖĀ‚ĖĀ‚ĖĀ‚ĖĀ
wandb:      eval/best_val_loss ‚Ėą‚ĖĄ‚Ėā‚ĖĀ
wandb:   eval/num_eval_batches ‚ĖĀ‚ĖĀ‚ĖĀ‚ĖĀ
wandb:           eval/val_loss ‚Ėą‚ĖĄ‚Ėā‚ĖĀ
wandb:            optimizer/lr ‚ĖÖ‚ĖÖ‚Ėą‚Ėą‚Ėą‚Ėą‚Ėą‚Ėą‚Ėą‚Ėą‚Ėá‚Ėá‚Ėá‚Ėá‚Ėá‚Ėá‚Ėá‚Ėá‚ĖÜ‚ĖÜ‚ĖÖ‚ĖÖ‚ĖÖ‚ĖÖ‚ĖĄ‚ĖĄ‚ĖĄ‚ĖĄ‚ĖÉ‚ĖÉ‚ĖÉ‚ĖÉ‚ĖÉ‚Ėā‚Ėā‚Ėā‚Ėā‚ĖĀ‚ĖĀ‚ĖĀ
wandb:          step/grad_norm ‚ĖĀ‚ĖĀ‚ĖĀ‚ĖĀ‚ĖĀ‚ĖĀ‚Ėą‚ĖĀ‚Ėā‚ĖĀ‚ĖĀ‚ĖĀ‚ĖĀ‚ĖĀ‚Ėā‚ĖĀ‚ĖĀ‚Ėā‚Ėā‚ĖĀ‚ĖÜ‚ĖĀ‚ĖĀ‚ĖĀ‚ĖĀ‚ĖĀ‚ĖĀ‚ĖĀ‚ĖĀ‚ĖĀ‚ĖĀ‚ĖĀ‚ĖĀ‚ĖĀ‚ĖĀ‚Ėā‚ĖĀ‚ĖĀ‚ĖĀ‚ĖĀ
wandb:               step/loss ‚ĖÖ‚Ėá‚Ėá‚Ėá‚Ėą‚Ėą‚Ėą‚ĖĄ‚ĖÖ‚ĖÜ‚ĖĄ‚ĖÜ‚Ėā‚ĖÜ‚ĖÜ‚ĖÉ‚ĖĄ‚ĖĄ‚ĖÉ‚ĖÉ‚ĖÉ‚ĖÉ‚ĖĄ‚ĖÖ‚ĖÉ‚ĖÉ‚Ėā‚Ėā‚ĖÉ‚ĖÉ‚ĖÉ‚Ėā‚ĖĀ‚ĖĄ‚ĖÉ‚Ėā‚Ėā‚Ėā‚ĖĄ‚ĖĄ
wandb:                 step/lr ‚ĖÜ‚Ėą‚Ėą‚Ėá‚Ėá‚Ėá‚Ėá‚Ėá‚Ėá‚Ėá‚Ėá‚ĖÜ‚ĖÜ‚ĖÜ‚ĖÜ‚ĖÜ‚ĖÜ‚ĖÖ‚ĖÖ‚ĖÖ‚ĖĄ‚ĖĄ‚ĖĄ‚ĖĄ‚ĖĄ‚ĖÉ‚ĖÉ‚Ėā‚Ėā‚Ėā‚Ėā‚Ėā‚ĖĀ‚ĖĀ‚ĖĀ‚ĖĀ‚ĖĀ‚ĖĀ‚ĖĀ‚ĖĀ
wandb:   step/num_eval_batches ‚ĖĀ‚ĖĀ‚ĖĀ‚ĖĀ
wandb: step/samples_this_batch ‚ĖĀ‚ĖĀ‚ĖĀ‚ĖĀ‚ĖĀ‚ĖĀ‚ĖĀ‚ĖĀ‚ĖĀ‚ĖĀ‚ĖĀ‚ĖĀ‚ĖĀ‚ĖĀ‚ĖĀ‚ĖĀ‚ĖĀ‚ĖĀ‚ĖĀ‚ĖĀ‚ĖĀ‚ĖĀ‚ĖĀ‚ĖĀ‚ĖĀ‚ĖĀ‚ĖĀ‚ĖĀ‚ĖĀ‚ĖĀ‚ĖĀ‚ĖĀ‚ĖĀ‚ĖĀ‚ĖĀ‚ĖĀ‚ĖĀ‚ĖĀ‚ĖĀ‚ĖĀ
wandb:                     +10 ...
wandb: 
wandb: Run summary:
wandb:                   best_val_loss 6.7157
wandb:           diagnostics/grad_norm 0.8472
wandb: diagnostics/has_nan_or_inf_loss False
wandb:                 elapsed_seconds 2265.72594
wandb:              eval/best_val_loss 6.7157
wandb:           eval/num_eval_batches 7
wandb:                   eval/val_loss 6.7157
wandb:                 last_train_loss 6.53979
wandb:                   last_val_loss 6.7157
wandb:                    optimizer/lr 1e-05
wandb:                             +30 ...
wandb: 
wandb: ūüöÄ View run lr-sweep-42M-lr3e-2 at: https://wandb.ai/arc_agi/slm-instability/runs/d1y1jn0a
wandb: ‚≠źÔłŹ View project at: https://wandb.ai/arc_agi/slm-instability
wandb: Synced 7 W&B file(s), 0 media file(s), 0 artifact file(s) and 0 other file(s)
wandb: Find logs at: ./wandb/run-20260616_055928-d1y1jn0a/logs
