wandb: [wandb.login()] Loaded credentials for https://api.wandb.ai from /home/slo/.netrc.
wandb: Currently logged in as: teedsingyau (arc_agi) to https://api.wandb.ai. Use `wandb login --relogin` to force relogin
wandb: setting up run ug9b87jv
wandb: Tracking run with wandb version 0.26.0
wandb: Run data is saved locally in /fs04/scratch2/vf38/sloo0021/slm_repo/wandb/run-20260616_001351-ug9b87jv
wandb: Run `wandb offline` to turn off syncing.
wandb: Syncing run lr-sweep-2p4M-lr3e-2
wandb: 猸愶笍 View project at https://wandb.ai/arc_agi/slm-instability
wandb: 馃殌 View run at https://wandb.ai/arc_agi/slm-instability/runs/ug9b87jv
wandb: WARNING Artifact "figure2_qk_false_repro" already exists with the same content. No new version will be created.
/home/slo/.conda/envs/slm_ven/lib/python3.10/site-packages/torch/optim/lr_scheduler.py:240: UserWarning: The epoch parameter in `scheduler.step()` was not necessary and is being deprecated where possible. Please use `scheduler.step()` to step the scheduler. During the deprecation, if epoch is different from None, the closed form is used instead of the new chainable form, where available. Please open an issue if you are unable to replicate your use case: https://github.com/pytorch/pytorch/issues/new/choose.
  warnings.warn(EPOCH_DEPRECATION_WARNING, UserWarning)
wandb: updating run metadata
wandb: uploading output.log; uploading wandb-summary.json; uploading config.yaml
wandb: uploading output.log; uploading wandb-summary.json
wandb: uploading output.log
wandb: 
wandb: Run history:
wandb:   diagnostics/grad_norm 鈻傗杺鈻呪杽鈻冣杺鈻冣杺鈻傗杺鈻呪杺鈻冣杻鈻勨杽鈻冣杺鈻傗杺鈻冣杺鈻傗枅鈻冣枂鈻傗杺鈻佲杹鈻傗杺鈻傗杹鈻冣杹鈻呪杹鈻佲杹
wandb:      eval/best_val_loss 鈻堚杽鈻傗杹
wandb:   eval/num_eval_batches 鈻佲杹鈻佲杹
wandb:           eval/val_loss 鈻堚杽鈻傗杹
wandb:            optimizer/lr 鈻冣杽鈻嗏枅鈻堚枅鈻堚枅鈻団枃鈻嗏枂鈻嗏枂鈻嗏枂鈻呪枀鈻呪枀鈻呪杽鈻勨杽鈻勨杻鈻冣杻鈻冣杻鈻冣杻鈻冣杺鈻傗杺鈻佲杹鈻佲杹
wandb:          step/grad_norm 鈻傗杹鈻佲杹鈻勨杻鈻佲杹鈻呪杻鈻呪杽鈻傗杽鈻堚枂鈻冣枀鈻団杺鈻勨杺鈻呪杻鈻佲杺鈻傗杺鈻嗏杹鈻佲杺鈻傗杺鈻嗏杹鈻佲杺鈻傗杺
wandb:               step/loss 鈻堚枃鈻団枃鈻呪枃鈻嗏枂鈻呪枀鈻勨枀鈻勨枂鈻勨杽鈻勨杻鈻冣杻鈻冣杻鈻傗杻鈻冣杻鈻呪枀鈻傗杽鈻冣杺鈻傗杻鈻佲杺鈻傗杺鈻冣杺
wandb:                 step/lr 鈻佲杺鈻傗枀鈻堚枅鈻堚枅鈻堚枅鈻団枃鈻団枃鈻団枃鈻嗏枀鈻呪枀鈻呪枀鈻呪杽鈻勨杽鈻冣杻鈻傗杺鈻傗杺鈻傗杺鈻傗杹鈻佲杹鈻佲杹
wandb:   step/num_eval_batches 鈻佲杹鈻佲杹
wandb: step/samples_this_batch 鈻佲杹鈻佲杹鈻佲杹鈻佲杹鈻佲杹鈻佲杹鈻佲杹鈻佲杹鈻佲杹鈻佲杹鈻佲杹鈻佲杹鈻佲杹鈻佲杹鈻佲杹鈻佲杹鈻佲杹鈻佲杹鈻佲杹鈻佲杹
wandb:                     +10 ...
wandb: 
wandb: Run summary:
wandb:                   best_val_loss 5.56818
wandb:           diagnostics/grad_norm 0.14794
wandb: diagnostics/has_nan_or_inf_loss False
wandb:                 elapsed_seconds 1233.29411
wandb:              eval/best_val_loss 5.56818
wandb:           eval/num_eval_batches 7
wandb:                   eval/val_loss 5.56818
wandb:                 last_train_loss 5.43747
wandb:                   last_val_loss 5.56818
wandb:                    optimizer/lr 1e-05
wandb:                             +30 ...
wandb: 
wandb: 馃殌 View run lr-sweep-2p4M-lr3e-2 at: https://wandb.ai/arc_agi/slm-instability/runs/ug9b87jv
wandb: 猸愶笍 View project at: https://wandb.ai/arc_agi/slm-instability
wandb: Synced 7 W&B file(s), 0 media file(s), 0 artifact file(s) and 0 other file(s)
wandb: Find logs at: ./wandb/run-20260616_001351-ug9b87jv/logs
