wandb: [wandb.login()] Loaded credentials for https://api.wandb.ai from /home/slo/.netrc.
wandb: Currently logged in as: teedsingyau (arc_agi) to https://api.wandb.ai. Use `wandb login --relogin` to force relogin
wandb: setting up run xc44xwqr
wandb: Tracking run with wandb version 0.26.0
wandb: Run data is saved locally in /fs04/scratch2/vf38/sloo0021/slm_repo/wandb/run-20260616_060028-xc44xwqr
wandb: Run `wandb offline` to turn off syncing.
wandb: Syncing run lr-sweep-42M-lr1e-1
wandb: ‚≠źÔłŹ View project at https://wandb.ai/arc_agi/slm-instability
wandb: ūüöÄ View run at https://wandb.ai/arc_agi/slm-instability/runs/xc44xwqr
wandb: WARNING Artifact "figure2_qk_false_repro" already exists with the same content. No new version will be created.
/home/slo/.conda/envs/slm_ven/lib/python3.10/site-packages/torch/optim/lr_scheduler.py:240: UserWarning: The epoch parameter in `scheduler.step()` was not necessary and is being deprecated where possible. Please use `scheduler.step()` to step the scheduler. During the deprecation, if epoch is different from None, the closed form is used instead of the new chainable form, where available. Please open an issue if you are unable to replicate your use case: https://github.com/pytorch/pytorch/issues/new/choose.
  warnings.warn(EPOCH_DEPRECATION_WARNING, UserWarning)
wandb: updating run metadata
wandb: uploading output.log; uploading wandb-summary.json; uploading config.yaml
wandb: uploading output.log
wandb: uploading history steps 1999-1999, summary, console lines 2020-2021
wandb: 
wandb: Run history:
wandb:   diagnostics/grad_norm ‚ĖĀ‚ĖĀ‚ĖĀ‚ĖĀ‚ĖĀ‚ĖĀ‚ĖĀ‚ĖĀ‚ĖĀ‚ĖĀ‚ĖĀ‚ĖĀ‚ĖĀ‚ĖĀ‚ĖĀ‚ĖĀ‚ĖĀ‚ĖĀ‚ĖĀ‚ĖĀ‚ĖĀ‚ĖĀ‚ĖĀ‚ĖĀ‚ĖĀ‚ĖĀ‚ĖĀ‚ĖĀ‚ĖĀ‚ĖĀ‚Ėą‚ĖĀ‚ĖĀ‚ĖĀ‚ĖĀ‚ĖĀ‚ĖĀ‚ĖĀ‚ĖĀ‚ĖĀ
wandb:      eval/best_val_loss ‚Ėą‚ĖÖ‚Ėā‚ĖĀ
wandb:   eval/num_eval_batches ‚ĖĀ‚ĖĀ‚ĖĀ‚ĖĀ
wandb:           eval/val_loss ‚Ėą‚ĖÖ‚Ėā‚ĖĀ
wandb:            optimizer/lr ‚Ėā‚ĖÖ‚ĖÜ‚ĖÜ‚ĖÜ‚Ėą‚Ėą‚Ėą‚Ėą‚Ėą‚Ėá‚Ėá‚Ėá‚Ėá‚Ėá‚ĖÜ‚ĖÖ‚ĖÖ‚ĖÖ‚ĖÖ‚ĖÖ‚ĖÖ‚ĖĄ‚ĖÉ‚ĖÉ‚ĖÉ‚ĖÉ‚ĖÉ‚ĖÉ‚Ėā‚Ėā‚ĖĀ‚ĖĀ‚ĖĀ‚ĖĀ‚ĖĀ‚ĖĀ‚ĖĀ‚ĖĀ‚ĖĀ
wandb:          step/grad_norm ‚ĖÉ‚Ėā‚ĖĀ‚ĖĄ‚Ėā‚Ėā‚ĖĄ‚Ėā‚ĖÉ‚ĖÉ‚ĖÉ‚ĖÉ‚Ėā‚Ėā‚Ėā‚Ėā‚Ėā‚Ėā‚ĖĀ‚Ėā‚Ėā‚Ėā‚Ėā‚Ėā‚Ėā‚Ėā‚Ėā‚ĖÖ‚Ėą‚ĖÉ‚Ėā‚ĖĀ‚Ėā‚ĖÜ‚ĖĀ‚Ėá‚ĖÖ‚ĖĀ‚ĖĀ‚ĖĀ
wandb:               step/loss ‚ĖÖ‚ĖÜ‚ĖÖ‚ĖĄ‚ĖÉ‚ĖÉ‚ĖÜ‚ĖÜ‚ĖÖ‚ĖÉ‚Ėą‚ĖÖ‚Ėá‚ĖÜ‚Ėą‚ĖÉ‚ĖĄ‚ĖĄ‚ĖĄ‚ĖÉ‚ĖĄ‚ĖÜ‚ĖÜ‚ĖĄ‚ĖÜ‚ĖÉ‚ĖĄ‚ĖĄ‚ĖÖ‚ĖĄ‚ĖÉ‚ĖĄ‚Ėā‚ĖÖ‚Ėā‚ĖĀ‚ĖĄ‚ĖÉ‚ĖĄ‚ĖÉ
wandb:                 step/lr ‚ĖĀ‚ĖÜ‚Ėá‚Ėá‚Ėą‚Ėą‚Ėą‚Ėą‚Ėą‚Ėą‚Ėá‚Ėá‚Ėá‚Ėá‚Ėá‚Ėá‚ĖÜ‚ĖÜ‚ĖÜ‚ĖÖ‚ĖĄ‚ĖĄ‚ĖĄ‚ĖĄ‚ĖĄ‚ĖÉ‚ĖÉ‚ĖÉ‚ĖÉ‚Ėā‚Ėā‚ĖĀ‚ĖĀ‚ĖĀ‚ĖĀ‚ĖĀ‚ĖĀ‚ĖĀ‚ĖĀ‚ĖĀ
wandb:   step/num_eval_batches ‚ĖĀ‚ĖĀ‚ĖĀ‚ĖĀ
wandb: step/samples_this_batch ‚ĖĀ‚ĖĀ‚ĖĀ‚ĖĀ‚ĖĀ‚ĖĀ‚ĖĀ‚ĖĀ‚ĖĀ‚ĖĀ‚ĖĀ‚ĖĀ‚ĖĀ‚ĖĀ‚ĖĀ‚ĖĀ‚ĖĀ‚ĖĀ‚ĖĀ‚ĖĀ‚ĖĀ‚ĖĀ‚ĖĀ‚ĖĀ‚ĖĀ‚ĖĀ‚ĖĀ‚ĖĀ‚ĖĀ‚ĖĀ‚ĖĀ‚ĖĀ‚ĖĀ‚ĖĀ‚ĖĀ‚ĖĀ‚ĖĀ‚ĖĀ‚ĖĀ‚ĖĀ
wandb:                     +10 ...
wandb: 
wandb: Run summary:
wandb:                   best_val_loss 7.32795
wandb:           diagnostics/grad_norm 1.65653
wandb: diagnostics/has_nan_or_inf_loss False
wandb:                 elapsed_seconds 2256.16782
wandb:              eval/best_val_loss 7.32795
wandb:           eval/num_eval_batches 7
wandb:                   eval/val_loss 7.32795
wandb:                 last_train_loss 7.2245
wandb:                   last_val_loss 7.32795
wandb:                    optimizer/lr 1e-05
wandb:                             +30 ...
wandb: 
wandb: ūüöÄ View run lr-sweep-42M-lr1e-1 at: https://wandb.ai/arc_agi/slm-instability/runs/xc44xwqr
wandb: ‚≠źÔłŹ View project at: https://wandb.ai/arc_agi/slm-instability
wandb: Synced 7 W&B file(s), 0 media file(s), 0 artifact file(s) and 0 other file(s)
wandb: Find logs at: ./wandb/run-20260616_060028-xc44xwqr/logs
