wandb: [wandb.login()] Loaded credentials for https://api.wandb.ai from /home/slo/.netrc.
wandb: Currently logged in as: teedsingyau (arc_agi) to https://api.wandb.ai. Use `wandb login --relogin` to force relogin
wandb: setting up run pr0po6mo
wandb: Tracking run with wandb version 0.26.0
wandb: Run data is saved locally in /fs04/scratch2/vf38/sloo0021/slm_repo/wandb/run-20260616_055756-pr0po6mo
wandb: Run `wandb offline` to turn off syncing.
wandb: Syncing run lr-sweep-42M-lr1e-2
wandb: вӯҗпёҸ View project at https://wandb.ai/arc_agi/slm-instability
wandb: рҹҡҖ View run at https://wandb.ai/arc_agi/slm-instability/runs/pr0po6mo
wandb: WARNING Artifact "figure2_qk_false_repro" already exists with the same content. No new version will be created.
/home/slo/.conda/envs/slm_ven/lib/python3.10/site-packages/torch/optim/lr_scheduler.py:240: UserWarning: The epoch parameter in `scheduler.step()` was not necessary and is being deprecated where possible. Please use `scheduler.step()` to step the scheduler. During the deprecation, if epoch is different from None, the closed form is used instead of the new chainable form, where available. Please open an issue if you are unable to replicate your use case: https://github.com/pytorch/pytorch/issues/new/choose.
  warnings.warn(EPOCH_DEPRECATION_WARNING, UserWarning)
wandb: updating run metadata
wandb: uploading output.log; uploading wandb-summary.json; uploading config.yaml
wandb: uploading output.log
wandb: uploading history steps 1999-1999, summary, console lines 2020-2021
wandb: 
wandb: Run history:
wandb:   diagnostics/grad_norm в–Ғв–Ғв–Ғв–Ғв–Ғв–Ғв–Ғв–Ғв–Ӯв–ғв–„в–Ӯв–ғв–Ғв–Ӯв–Ӯв–Ӯв–Ӯв–Ҳв–Ӯв–ғв–Ӯв–Ӯв–Ӯв–Ғв–ғв–„в–„в–ғв–ғв–Ӯв–Ӯв–Үв–Ӯв–ғв–ғв–Ӯв–Ӯв–ғв–ғ
wandb:      eval/best_val_loss в–Ҳв–…в–Ӯв–Ғ
wandb:   eval/num_eval_batches в–Ғв–Ғв–Ғв–Ғ
wandb:           eval/val_loss в–Ҳв–…в–Ӯв–Ғ
wandb:            optimizer/lr в–Ӯв–ғв–„в–Үв–Ҳв–Ҳв–Ҳв–Ҳв–Ҳв–Үв–Үв–Үв–Үв–Ҷв–Ҷв–Ҷв–Ҷв–…в–…в–…в–„в–„в–„в–„в–„в–ғв–Ӯв–Ӯв–Ӯв–Ӯв–Ӯв–Ӯв–Ғв–Ғв–Ғв–Ғв–Ғв–Ғв–Ғв–Ғ
wandb:          step/grad_norm в–Ғв–Ғв–Ғв–Ғв–Ғв–Ғв–Ӯв–„в–Үв–ғв–Үв–ғв–„в–…в–Үв–Ӯв–Ҳв–„в–Ӯв–…в–ғв–Ҳв–„в–…в–ғв–…в–ғв–Ӯв–„в–ғв–„в–„в–ғв–…в–Ҳв–„в–ғв–Ӯв–Үв–„
wandb:               step/loss в–Ҳв–ғв–Ӯв–Ғв–Ӯв–Ӯв–Ӯв–Ӯв–Ӯв–Ӯв–Ӯв–Ӯв–Ӯв–Ғв–Ӯв–Ғв–Ӯв–Ӯв–Ғв–Ӯв–Ғв–Ғв–Ӯв–Ӯв–Ғв–Ғв–Ӯв–Ӯв–Ғв–Ӯв–Ғв–Ғв–Ғв–Ғв–Ғв–Ғв–Ғв–Ӯв–Ғв–Ғ
wandb:                 step/lr в–ғв–Ҷв–Ҳв–Ҳв–Ҳв–Ҳв–Ҳв–Үв–Үв–Үв–Үв–Үв–Ҷв–Ҷв–Ҷв–…в–…в–„в–„в–„в–ғв–Ӯв–Ӯв–Ӯв–Ӯв–Ӯв–Ӯв–Ӯв–Ӯв–Ӯв–Ӯв–Ӯв–Ғв–Ғв–Ғв–Ғв–Ғв–Ғв–Ғв–Ғ
wandb:   step/num_eval_batches в–Ғв–Ғв–Ғв–Ғ
wandb: step/samples_this_batch в–Ғв–Ғв–Ғв–Ғв–Ғв–Ғв–Ғв–Ғв–Ғв–Ғв–Ғв–Ғв–Ғв–Ғв–Ғв–Ғв–Ғв–Ғв–Ғв–Ғв–Ғв–Ғв–Ғв–Ғв–Ғв–Ғв–Ғв–Ғв–Ғв–Ғв–Ғв–Ғв–Ғв–Ғв–Ғв–Ғв–Ғв–Ғв–Ғв–Ғ
wandb:                     +10 ...
wandb: 
wandb: Run summary:
wandb:                   best_val_loss 6.46024
wandb:           diagnostics/grad_norm 8.81998
wandb: diagnostics/has_nan_or_inf_loss False
wandb:                 elapsed_seconds 2299.13364
wandb:              eval/best_val_loss 6.46024
wandb:           eval/num_eval_batches 7
wandb:                   eval/val_loss 6.46024
wandb:                 last_train_loss 6.27911
wandb:                   last_val_loss 6.46024
wandb:                    optimizer/lr 1e-05
wandb:                             +30 ...
wandb: 
wandb: рҹҡҖ View run lr-sweep-42M-lr1e-2 at: https://wandb.ai/arc_agi/slm-instability/runs/pr0po6mo
wandb: вӯҗпёҸ View project at: https://wandb.ai/arc_agi/slm-instability
wandb: Synced 7 W&B file(s), 0 media file(s), 0 artifact file(s) and 0 other file(s)
wandb: Find logs at: ./wandb/run-20260616_055756-pr0po6mo/logs
