wandb: [wandb.login()] Loaded credentials for https://api.wandb.ai from /home/slo/.netrc.
wandb: Currently logged in as: teedsingyau (arc_agi) to https://api.wandb.ai. Use `wandb login --relogin` to force relogin
wandb: setting up run eifdvqt0
wandb: Tracking run with wandb version 0.26.0
wandb: Run data is saved locally in /fs04/scratch2/vf38/sloo0021/slm_repo/wandb/run-20260616_051855-eifdvqt0
wandb: Run `wandb offline` to turn off syncing.
wandb: Syncing run lr-sweep-42M-lr1e-4
wandb: 猸愶笍 View project at https://wandb.ai/arc_agi/slm-instability
wandb: 馃殌 View run at https://wandb.ai/arc_agi/slm-instability/runs/eifdvqt0
wandb: WARNING Artifact "figure2_qk_false_repro" already exists with the same content. No new version will be created.
/home/slo/.conda/envs/slm_ven/lib/python3.10/site-packages/torch/optim/lr_scheduler.py:240: UserWarning: The epoch parameter in `scheduler.step()` was not necessary and is being deprecated where possible. Please use `scheduler.step()` to step the scheduler. During the deprecation, if epoch is different from None, the closed form is used instead of the new chainable form, where available. Please open an issue if you are unable to replicate your use case: https://github.com/pytorch/pytorch/issues/new/choose.
  warnings.warn(EPOCH_DEPRECATION_WARNING, UserWarning)
wandb: updating run metadata
wandb: uploading output.log; uploading wandb-summary.json; uploading config.yaml
wandb: uploading output.log
wandb: uploading history steps 1999-1999, summary, console lines 2020-2021
wandb: 
wandb: Run history:
wandb:   diagnostics/grad_norm 鈻堚杺鈻佲杹鈻佲杹鈻傗杹鈻佲杹鈻佲杺鈻佲杺鈻傗杺鈻佲杺鈻傗杹鈻佲杺鈻傗杺鈻傗杹鈻傗杹鈻佲杺鈻傗杹鈻佲杹鈻佲杹鈻佲杹鈻佲杹
wandb:      eval/best_val_loss 鈻堚杻鈻傗杹
wandb:   eval/num_eval_batches 鈻佲杹鈻佲杹
wandb:           eval/val_loss 鈻堚杻鈻傗杹
wandb:            optimizer/lr 鈻勨枃鈻堚枅鈻堚枅鈻堚枅鈻堚枅鈻団枃鈻団枂鈻嗏枂鈻嗏枀鈻呪枀鈻冣杻鈻冣杻鈻傗杺鈻傗杺鈻傗杺鈻佲杹鈻佲杹鈻佲杹鈻佲杹鈻佲杹
wandb:          step/grad_norm 鈻堚杹鈻佲杹鈻佲杺鈻佲杺鈻佲杹鈻傗杺鈻傗杺鈻傗杻鈻冣杺鈻傗杻鈻冣杺鈻冣杺鈻傗杺鈻傗杺鈻傗杺鈻傗杺鈻傗杺鈻傗杺鈻傗杺鈻傗杺
wandb:               step/loss 鈻堚枃鈻嗏枂鈻嗏枀鈻勨枀鈻勨枀鈻勨杻鈻冣杻鈻冣杻鈻傗杺鈻冣杺鈻冣杻鈻冣杺鈻傗杻鈻傗杺鈻傗杻鈻傗杻鈻傗杺鈻傗杻鈻傗杺鈻冣杹
wandb:                 step/lr 鈻冣杻鈻団枅鈻堚枅鈻堚枃鈻団枃鈻団枃鈻嗏枂鈻嗏枂鈻嗏枂鈻嗏枀鈻呪枀鈻勨杽鈻勨杻鈻冣杻鈻冣杻鈻傗杺鈻傗杹鈻佲杹鈻佲杹鈻佲杹
wandb:   step/num_eval_batches 鈻佲杹鈻佲杹
wandb: step/samples_this_batch 鈻佲杹鈻佲杹鈻佲杹鈻佲杹鈻佲杹鈻佲杹鈻佲杹鈻佲杹鈻佲杹鈻佲杹鈻佲杹鈻佲杹鈻佲杹鈻佲杹鈻佲杹鈻佲杹鈻佲杹鈻佲杹鈻佲杹鈻佲杹
wandb:                     +10 ...
wandb: 
wandb: Run summary:
wandb:                   best_val_loss 5.4068
wandb:           diagnostics/grad_norm 0.87453
wandb: diagnostics/has_nan_or_inf_loss False
wandb:                 elapsed_seconds 2313.73371
wandb:              eval/best_val_loss 5.4068
wandb:           eval/num_eval_batches 7
wandb:                   eval/val_loss 5.4068
wandb:                 last_train_loss 5.23929
wandb:                   last_val_loss 5.4068
wandb:                    optimizer/lr 1e-05
wandb:                             +30 ...
wandb: 
wandb: 馃殌 View run lr-sweep-42M-lr1e-4 at: https://wandb.ai/arc_agi/slm-instability/runs/eifdvqt0
wandb: 猸愶笍 View project at: https://wandb.ai/arc_agi/slm-instability
wandb: Synced 7 W&B file(s), 0 media file(s), 0 artifact file(s) and 0 other file(s)
wandb: Find logs at: ./wandb/run-20260616_051855-eifdvqt0/logs
