wandb: [wandb.login()] Loaded credentials for https://api.wandb.ai from /home/slo/.netrc.
wandb: Currently logged in as: teedsingyau (arc_agi) to https://api.wandb.ai. Use `wandb login --relogin` to force relogin
wandb: setting up run g4t9wd85
wandb: Tracking run with wandb version 0.26.0
wandb: Run data is saved locally in /fs04/scratch2/vf38/sloo0021/slm_repo/wandb/run-20260616_031101-g4t9wd85
wandb: Run `wandb offline` to turn off syncing.
wandb: Syncing run lr-sweep-2p4M-lr3e-1
wandb: ⭐️ View project at https://wandb.ai/arc_agi/slm-instability
wandb: 🚀 View run at https://wandb.ai/arc_agi/slm-instability/runs/g4t9wd85
wandb: WARNING Artifact "figure2_qk_false_repro" already exists with the same content. No new version will be created.
/home/slo/.conda/envs/slm_ven/lib/python3.10/site-packages/torch/optim/lr_scheduler.py:240: UserWarning: The epoch parameter in `scheduler.step()` was not necessary and is being deprecated where possible. Please use `scheduler.step()` to step the scheduler. During the deprecation, if epoch is different from None, the closed form is used instead of the new chainable form, where available. Please open an issue if you are unable to replicate your use case: https://github.com/pytorch/pytorch/issues/new/choose.
  warnings.warn(EPOCH_DEPRECATION_WARNING, UserWarning)
wandb: updating run metadata
wandb: uploading output.log; uploading wandb-summary.json; uploading config.yaml
wandb: uploading output.log
wandb: uploading history steps 1996-1999, summary, console lines 2017-2021
wandb: 
wandb: Run history:
wandb:   diagnostics/grad_norm ▁▁▁▁▁▁▁▁▁▁▁▁▁▁▁▁▁▁▁▁▁▁▁▁▁▁▁▁▁▁█▁▁▁▁▁▁▁▁▁
wandb:      eval/best_val_loss █▅▁▁
wandb:   eval/num_eval_batches ▁▁▁▁
wandb:           eval/val_loss █▅▁▁
wandb:            optimizer/lr ▁▂▄███████▇▇▇▇▇▆▅▅▅▅▄▄▄▄▄▃▂▂▂▂▂▂▁▁▁▁▁▁▁▁
wandb:          step/grad_norm ▁▁▁▁▁▁▁▁▁▁▁▁▁▁▁▁▁▁▁▁▁▁▁▆▅█▁▁▁▁▁▁▁▁▁▁▁▁▁▁
wandb:               step/loss ▂▂▂▃▃▃▃▃▄▄▂▂▂▂▂▇▇▁▂▂▃▄▂▂▂▂▄▆█▁▁▁▁▁▁▁▁▁▁▁
wandb:                 step/lr ▁▅████████▇▇▇▇▇▇▇▇▆▆▆▅▅▅▄▄▄▃▃▃▃▂▂▂▂▁▁▁▁▁
wandb:   step/num_eval_batches ▁▁▁▁
wandb: step/samples_this_batch ▁▁▁▁▁▁▁▁▁▁▁▁▁▁▁▁▁▁▁▁▁▁▁▁▁▁▁▁▁▁▁▁▁▁▁▁▁▁▁▁
wandb:                     +10 ...
wandb: 
wandb: Run summary:
wandb:                   best_val_loss 7.6784
wandb:           diagnostics/grad_norm 0.62786
wandb: diagnostics/has_nan_or_inf_loss False
wandb:                 elapsed_seconds 1226.01068
wandb:              eval/best_val_loss 7.6784
wandb:           eval/num_eval_batches 7
wandb:                   eval/val_loss 7.6784
wandb:                 last_train_loss 7.48463
wandb:                   last_val_loss 7.6784
wandb:                    optimizer/lr 1e-05
wandb:                             +30 ...
wandb: 
wandb: 🚀 View run lr-sweep-2p4M-lr3e-1 at: https://wandb.ai/arc_agi/slm-instability/runs/g4t9wd85
wandb: ⭐️ View project at: https://wandb.ai/arc_agi/slm-instability
wandb: Synced 7 W&B file(s), 0 media file(s), 0 artifact file(s) and 0 other file(s)
wandb: Find logs at: ./wandb/run-20260616_031101-g4t9wd85/logs
