wandb: [wandb.login()] Loaded credentials for https://api.wandb.ai from /home/slo/.netrc.
wandb: Agent Starting Run: kxys4xix with config:
wandb: 	compute_budget: 1000000000000000000
wandb: 	data_param_ratio: 10
wandb: 	seed: 42
wandb: 	selection_param_mode: kaplan
wandb: [wandb.login()] Loaded credentials for https://api.wandb.ai from /home/slo/.netrc.
wandb: Currently logged in as: teedsingyau (arc_agi) to https://api.wandb.ai. Use `wandb login --relogin` to force relogin
wandb: WARNING Ignoring project 'slm-runs' when running a sweep.
wandb: Tracking run with wandb version 0.25.1
wandb: Run data is saved locally in /fs04/scratch2/vf38/sloo0021/slm_repo/wandb/run-20260414_121045-kxys4xix
wandb: Run `wandb offline` to turn off syncing.
wandb: Syncing run laced-sweep-1
wandb: 猸愶笍 View project at https://wandb.ai/arc_agi/slm-runs
wandb: 馃Ч View sweep at https://wandb.ai/arc_agi/slm-runs/sweeps/zxmsynm0
wandb: 馃殌 View run at https://wandb.ai/arc_agi/slm-runs/runs/kxys4xix
wandb: WARNING Ignoring project 'slm-runs' when running a sweep.
wandb: wandb.init() called while a run is active and reinit is set to 'default', so returning the previous run.
wandb: updating run metadata
wandb: uploading output.log; uploading wandb-summary.json; uploading config.yaml
wandb: uploading history steps 1594-1595, summary, console lines 1915-1915
wandb: 
wandb: Run history:
wandb:  diagnostics/grad_norm 鈻佲杹鈻傗杺鈻傗枀鈻冣杽鈻呪枀鈻勨杽鈻嗏枅鈻嗏枀鈻嗏杽鈻勨杽鈻勨枀鈻堚枀鈻呪枀鈻団枃鈻嗏枃鈻団杺鈻嗏杽鈻勨杽鈻呪枃鈻勨杻
wandb:     eval/best_val_loss 鈻堚枃鈻呪枀鈻勨杽鈻勨杽鈻勨杽鈻冣杺鈻傗杺鈻傗杺鈻傗杺鈻傗杺鈻傗杺鈻傗杹鈻佲杹鈻佲杹鈻佲杹鈻佲杹鈻佲杹鈻佲杹鈻佲杹鈻佲杹
wandb:  eval/num_eval_batches 鈻佲杹鈻佲杹鈻佲杹鈻佲杹鈻佲杹鈻佲杹鈻佲杹鈻佲杹鈻佲杹鈻佲杹鈻佲杹鈻佲杹鈻佲杹鈻佲杹鈻佲杹鈻佲杹鈻佲杹鈻佲杹鈻佲杹鈻佲杹
wandb:          eval/val_loss 鈻団枂鈻呪杽鈻冣杺鈻傗杺鈻傗杺鈻傗杺鈻傗杹鈻佲杹鈻佲杹鈻佲杹鈻佲杺鈻傗杹鈻佲杹鈻佲杹鈻佲杹鈻佲枅鈻嗏杺鈻傗杹鈻佲杹鈻佲杹
wandb:           optimizer/lr 鈻佲杹鈻佲杹鈻佲杹鈻佲杹鈻佲杹鈻佲杹鈻佲杹鈻佲杹鈻佲杹鈻佲杹鈻佲杹鈻佲杹鈻佲杹鈻佲杹鈻佲杹鈻佲杹鈻佲杹鈻佲杹鈻佲杹鈻佲杹
wandb:         step/grad_norm 鈻佲杺鈻佲杹鈻傗杺鈻傗杻鈻冣杻鈻冣杻鈻勨杻鈻冣杻鈻傗杻鈻勨杽鈻冣杻鈻冣杽鈻勨杽鈻呪杽鈻堚杻鈻嗏杺鈻佲杽鈻冣杽鈻冣杽鈻冣杻
wandb:              step/loss 鈻堚枅鈻団枂鈻団枃鈻団枃鈻団枂鈻堚枃鈻団枃鈻嗏枃鈻団枃鈻団枂鈻嗏枂鈻嗏枂鈻嗏枃鈻団枃鈻嗏枂鈻佲杻鈻佲杹鈻嗏枃鈻呪枂鈻嗏枂
wandb:                step/lr 鈻佲杹鈻佲杹鈻佲杹鈻佲杹鈻佲杹鈻佲杹鈻佲杹鈻佲杹鈻佲杹鈻佲杹鈻佲杹鈻佲杹鈻佲杹鈻佲杹鈻佲杹鈻佲杹鈻佲杹鈻佲杹鈻佲杹鈻佲杹
wandb:  step/num_eval_batches 鈻佲杹鈻佲杹鈻佲杹鈻佲杹鈻佲杹鈻佲杹鈻佲杹鈻佲杹鈻佲杹鈻佲杹鈻佲杹鈻佲杹鈻佲杹鈻佲杹鈻佲杹鈻佲杹鈻佲杹鈻佲杹鈻佲杹鈻佲杹
wandb: step/tokens_this_batch 鈻嗏杽鈻勨枃鈻団杽鈻冣枀鈻呪杽鈻傗枂鈻傗枀鈻傗枀鈻堚枀鈻呪枀鈻呪杽鈻佲杽鈻冣杺鈻冣杺鈻冣杽鈻冣枀鈻堚杺鈻団杻鈻佲杻鈻勨枂
wandb:                     +8 ...
wandb: 
wandb: Run summary:
wandb:                   actual_params 127401984
wandb:      actual_target_train_tokens 1308195221
wandb:                   best_val_loss 4.13855
wandb:           diagnostics/grad_norm 1.97548
wandb: diagnostics/has_nan_or_inf_loss False
wandb:                 elapsed_seconds 19312.32719
wandb:              eval/best_val_loss 4.13855
wandb:           eval/num_eval_batches 50
wandb:                   eval/val_loss 4.25874
wandb:                 last_train_loss 4.60582
wandb:                             +20 ...
wandb: 
wandb: 馃殌 View run laced-sweep-1 at: https://wandb.ai/arc_agi/slm-runs/runs/kxys4xix
wandb: 猸愶笍 View project at: https://wandb.ai/arc_agi/slm-runs
wandb: Synced 5 W&B file(s), 0 media file(s), 0 artifact file(s) and 0 other file(s)
wandb: Find logs at: ./wandb/run-20260414_121045-kxys4xix/logs
wandb: Agent Starting Run: a7e6tent with config:
wandb: 	compute_budget: 1000000000000000000
wandb: 	data_param_ratio: 15
wandb: 	seed: 42
wandb: 	selection_param_mode: kaplan
wandb: [wandb.login()] Loaded credentials for https://api.wandb.ai from /home/slo/.netrc.
wandb: WARNING Ignoring project 'slm-runs' when running a sweep.
wandb: setting up run a7e6tent
wandb: Tracking run with wandb version 0.25.1
wandb: Run data is saved locally in /fs04/scratch2/vf38/sloo0021/slm_repo/wandb/run-20260414_173251-a7e6tent
wandb: Run `wandb offline` to turn off syncing.
wandb: Syncing run celestial-sweep-2
wandb: 猸愶笍 View project at https://wandb.ai/arc_agi/slm-runs
wandb: 馃Ч View sweep at https://wandb.ai/arc_agi/slm-runs/sweeps/zxmsynm0
wandb: 馃殌 View run at https://wandb.ai/arc_agi/slm-runs/runs/a7e6tent
wandb: WARNING Ignoring project 'slm-runs' when running a sweep.
wandb: wandb.init() called while a run is active and reinit is set to 'default', so returning the previous run.
wandb: updating run metadata
wandb: uploading wandb-summary.json; uploading config.yaml; uploading output.log
wandb: uploading output.log
wandb: uploading history steps 2018-2020, summary, console lines 2423-2426
wandb: 
wandb: Run history:
wandb:  diagnostics/grad_norm 鈻佲杹鈻佲杹鈻傗杺鈻勨杺鈻勨杽鈻呪杽鈻呪枀鈻勨枀鈻呪杽鈻堚杽鈻傗杽鈻傗杽鈻冣杻鈻冣杺鈻傗杻鈻呪杻鈻勨杻鈻傗杻鈻呪杽鈻呪枀
wandb:     eval/best_val_loss 鈻堚枀鈻勨杽鈻勨杻鈻冣杻鈻冣杻鈻傗杺鈻傗杺鈻傗杺鈻傗杺鈻佲杹鈻佲杹鈻佲杹鈻佲杹鈻佲杹鈻佲杹鈻佲杹鈻佲杹鈻佲杹鈻佲杹鈻佲杹
wandb:  eval/num_eval_batches 鈻佲杹鈻佲杹鈻佲杹鈻佲杹鈻佲杹鈻佲杹鈻佲杹鈻佲杹鈻佲杹鈻佲杹鈻佲杹鈻佲杹鈻佲杹鈻佲杹鈻佲杹鈻佲杹鈻佲杹鈻佲杹鈻佲杹鈻佲杹
wandb:          eval/val_loss 鈻堚杽鈻冣杻鈻冣杻鈻冣杻鈻傗杺鈻傗杹鈻傗杺鈻傗杺鈻傗杺鈻佲杹鈻佲杹鈻佲杹鈻堚杺鈻佲杹鈻佲杹鈻佲杹鈻佲杹鈻傗杺鈻傗枀鈻呪枂
wandb:           optimizer/lr 鈻佲杹鈻佲杹鈻佲杹鈻佲杹鈻佲杹鈻佲杹鈻佲杹鈻佲杹鈻佲杹鈻佲杹鈻佲杹鈻佲杹鈻佲杹鈻佲杹鈻佲杹鈻佲杹鈻佲杹鈻佲杹鈻佲杹鈻佲杹
wandb:         step/grad_norm 鈻傗杺鈻傗杺鈻傗杻鈻冣杻鈻冣杻鈻勨杽鈻冣枅鈻勨杽鈻冣杻鈻冣杽鈻勨杽鈻呪枀鈻傗杹鈻傗杻鈻嗏杽鈻勨杽鈻勨杺鈻冣杻鈻傗枀鈻勨枀
wandb:              step/loss 鈻呪杽鈻呪枂鈻勨杽鈻嗏枀鈻団枀鈻呪杽鈻嗏杻鈻呪杻鈻冣枀鈻呪枀鈻嗏枅鈻嗏杽鈻呪杻鈻佲杺鈻冣杹鈻呪枀鈻団杻鈻佲杻鈻冣枂鈻嗏枂
wandb:                step/lr 鈻佲杹鈻佲杹鈻佲杹鈻佲杹鈻佲杹鈻佲杹鈻佲杹鈻佲杹鈻佲杹鈻佲杹鈻佲杹鈻佲杹鈻佲杹鈻佲杹鈻佲杹鈻佲杹鈻佲杹鈻佲杹鈻佲杹鈻佲杹
wandb:  step/num_eval_batches 鈻佲杹鈻佲杹鈻佲杹鈻佲杹鈻佲杹鈻佲杹鈻佲杹鈻佲杹鈻佲杹鈻佲杹鈻佲杹鈻佲杹鈻佲杹鈻佲杹鈻佲杹鈻佲杹鈻佲杹鈻佲杹鈻佲杹鈻佲杹
wandb: step/tokens_this_batch 鈻勨杽鈻冣枀鈻勨杻鈻勨杽鈻呪杽鈻冣杺鈻傗杺鈻呪枀鈻呪杽鈻勨杽鈻嗏枀鈻勨枀鈻佲杻鈻佲枀鈻団枅鈻嗏枀鈻勨杺鈻嗏枃鈻堚杽鈻傗杹
wandb:                     +8 ...
wandb: 
wandb: Run summary:
wandb:                   actual_params 100663296
wandb:      actual_target_train_tokens 1655684577
wandb:                   best_val_loss 4.15936
wandb:           diagnostics/grad_norm 1.87033
wandb: diagnostics/has_nan_or_inf_loss False
wandb:                 elapsed_seconds 16598.35324
wandb:              eval/best_val_loss 4.15936
wandb:           eval/num_eval_batches 50
wandb:                   eval/val_loss 5.17098
wandb:                 last_train_loss 4.33923
wandb:                             +20 ...
wandb: 
wandb: 馃殌 View run celestial-sweep-2 at: https://wandb.ai/arc_agi/slm-runs/runs/a7e6tent
wandb: 猸愶笍 View project at: https://wandb.ai/arc_agi/slm-runs
wandb: Synced 7 W&B file(s), 0 media file(s), 0 artifact file(s) and 0 other file(s)
wandb: Find logs at: ./wandb/run-20260414_173251-a7e6tent/logs
wandb: Sweep Agent: Waiting for job.
wandb: Job received.
wandb: Agent Starting Run: ezwvrcvy with config:
wandb: 	compute_budget: 1000000000000000000
wandb: 	data_param_ratio: 20
wandb: 	seed: 42
wandb: 	selection_param_mode: kaplan
wandb: [wandb.login()] Loaded credentials for https://api.wandb.ai from /home/slo/.netrc.
wandb: WARNING Ignoring project 'slm-runs' when running a sweep.
wandb: setting up run ezwvrcvy
wandb: Tracking run with wandb version 0.25.1
wandb: Run data is saved locally in /fs04/scratch2/vf38/sloo0021/slm_repo/wandb/run-20260414_220950-ezwvrcvy
wandb: Run `wandb offline` to turn off syncing.
wandb: Syncing run olive-sweep-3
wandb: 猸愶笍 View project at https://wandb.ai/arc_agi/slm-runs
wandb: 馃Ч View sweep at https://wandb.ai/arc_agi/slm-runs/sweeps/zxmsynm0
wandb: 馃殌 View run at https://wandb.ai/arc_agi/slm-runs/runs/ezwvrcvy
wandb: WARNING Ignoring project 'slm-runs' when running a sweep.
wandb: wandb.init() called while a run is active and reinit is set to 'default', so returning the previous run.
wandb: updating run metadata
wandb: uploading output.log; uploading wandb-summary.json; uploading config.yaml
wandb: uploading output.log; uploading wandb-summary.json
wandb: uploading output.log
wandb: uploading history steps 2297-2298, summary, console lines 2758-2758
wandb: 
wandb: Run history:
wandb:  diagnostics/grad_norm 鈻佲杹鈻佲杺鈻傗杺鈻傗杻鈻冣杺鈻冣杻鈻冣杻鈻堚杺鈻冣杺鈻冣杺鈻冣杻鈻冣杻鈻冣杺鈻冣杽鈻傗杺鈻冣杺鈻冣杽鈻勨杻鈻冣杻鈻勨杽
wandb:     eval/best_val_loss 鈻堚杻鈻冣杻鈻冣杺鈻傗杺鈻傗杺鈻傗杹鈻佲杹鈻佲杹鈻佲杹鈻佲杹鈻佲杹鈻佲杹鈻佲杹鈻佲杹鈻佲杹鈻佲杹鈻佲杹鈻佲杹鈻佲杹鈻佲杹
wandb:  eval/num_eval_batches 鈻佲杹鈻佲杹鈻佲杹鈻佲杹鈻佲杹鈻佲杹鈻佲杹鈻佲杹鈻佲杹鈻佲杹鈻佲杹鈻佲杹鈻佲杹鈻佲杹鈻佲杹鈻佲杹鈻佲杹鈻佲杹鈻佲杹鈻佲杹
wandb:          eval/val_loss 鈻勨杽鈻勨杻鈻冣杺鈻傗杺鈻傗杺鈻傗杹鈻傗杹鈻佲杹鈻佲杺鈻佲杹鈻佲杹鈻佲杹鈻堚枂鈻傗杹鈻佲杹鈻佲杹鈻佲杹鈻佲杹鈻佲杹鈻勨杽
wandb:           optimizer/lr 鈻佲杹鈻佲杹鈻佲杹鈻佲杹鈻佲杹鈻佲杹鈻佲杹鈻佲杹鈻佲杹鈻佲杹鈻佲杹鈻佲杹鈻佲杹鈻佲杹鈻佲杹鈻佲杹鈻佲杹鈻佲杹鈻佲杹鈻佲杹
wandb:         step/grad_norm 鈻佲杽鈻冣杻鈻冣枀鈻呪杽鈻勨枀鈻呪枅鈻勨枀鈻冣枀鈻嗏杽鈻呪枃鈻勨杽鈻嗏枀鈻冣杽鈻冣枂鈻呪枀鈻団枀鈻嗏枀鈻呪枀鈻呪枀鈻嗏枂
wandb:              step/loss 鈻団枃鈻嗏枃鈻嗏枀鈻嗏枂鈻嗏枀鈻嗏枂鈻嗏枂鈻呪枀鈻呪枂鈻呪枂鈻嗏杹鈻傗杻鈻嗏枂鈻勨枂鈻団枂鈻団枂鈻嗏枀鈻冣枅鈻嗏枂鈻団枂
wandb:                step/lr 鈻佲杹鈻佲杹鈻佲杹鈻佲杹鈻佲杹鈻佲杹鈻佲杹鈻佲杹鈻佲杹鈻佲杹鈻佲杹鈻佲杹鈻佲杹鈻佲杹鈻佲杹鈻佲杹鈻佲杹鈻佲杹鈻佲杹鈻佲杹
wandb:  step/num_eval_batches 鈻佲杹鈻佲杹鈻佲杹鈻佲杹鈻佲杹鈻佲杹鈻佲杹鈻佲杹鈻佲杹鈻佲杹鈻佲杹鈻佲杹鈻佲杹鈻佲杹鈻佲杹鈻佲杹鈻佲杹鈻佲杹鈻佲杹鈻佲杹
wandb: step/tokens_this_batch 鈻団杽鈻呪杽鈻呪杽鈻冣杻鈻冣枀鈻勨杻鈻勨枅鈻冣杽鈻傗杺鈻冣杺鈻傗杽鈻嗏杻鈻冣杽鈻嗏杻鈻冣枃鈻傗杺鈻傗杺鈻佲杺鈻冣杹鈻佲杺
wandb:                     +8 ...
wandb: 
wandb: Run summary:
wandb:                   actual_params 88473600
wandb:      actual_target_train_tokens 1883801118
wandb:                   best_val_loss 4.16404
wandb:           diagnostics/grad_norm 1.88574
wandb: diagnostics/has_nan_or_inf_loss False
wandb:                 elapsed_seconds 21486.2204
wandb:              eval/best_val_loss 4.16404
wandb:           eval/num_eval_batches 50
wandb:                   eval/val_loss 5.23979
wandb:                 last_train_loss 3.80705
wandb:                             +20 ...
wandb: 
wandb: 馃殌 View run olive-sweep-3 at: https://wandb.ai/arc_agi/slm-runs/runs/ezwvrcvy
wandb: 猸愶笍 View project at: https://wandb.ai/arc_agi/slm-runs
wandb: Synced 7 W&B file(s), 0 media file(s), 0 artifact file(s) and 0 other file(s)
wandb: Find logs at: ./wandb/run-20260414_220950-ezwvrcvy/logs
wandb: Agent Starting Run: mjsxpxd5 with config:
wandb: 	compute_budget: 1000000000000000000
wandb: 	data_param_ratio: 25
wandb: 	seed: 42
wandb: 	selection_param_mode: kaplan
wandb: [wandb.login()] Loaded credentials for https://api.wandb.ai from /home/slo/.netrc.
wandb: WARNING Ignoring project 'slm-runs' when running a sweep.
wandb: setting up run mjsxpxd5
wandb: Tracking run with wandb version 0.25.1
wandb: Run data is saved locally in /fs04/scratch2/vf38/sloo0021/slm_repo/wandb/run-20260415_040809-mjsxpxd5
wandb: Run `wandb offline` to turn off syncing.
wandb: Syncing run magic-sweep-4
wandb: 猸愶笍 View project at https://wandb.ai/arc_agi/slm-runs
wandb: 馃Ч View sweep at https://wandb.ai/arc_agi/slm-runs/sweeps/zxmsynm0
wandb: 馃殌 View run at https://wandb.ai/arc_agi/slm-runs/runs/mjsxpxd5
wandb: WARNING Ignoring project 'slm-runs' when running a sweep.
wandb: wandb.init() called while a run is active and reinit is set to 'default', so returning the previous run.
wandb: updating run metadata
wandb: uploading output.log; uploading wandb-summary.json; uploading config.yaml
wandb: uploading output.log
wandb: uploading history steps 2585-2586, summary, console lines 3104-3104
wandb: 
wandb: Run history:
wandb:  diagnostics/grad_norm 鈻佲杹鈻冣杻鈻冣杻鈻嗏杽鈻勨杽鈻勨杽鈻勨杻鈻嗏枀鈻呪枂鈻堚杽鈻呪枀鈻勨杽鈻冣杻鈻勨枃鈻嗏枀鈻呪枃鈻勨枂鈻呪枂鈻嗏枀鈻勨枀
wandb:     eval/best_val_loss 鈻堚枀鈻呪杽鈻冣杻鈻冣杺鈻傗杺鈻傗杺鈻傗杺鈻傗杹鈻佲杹鈻佲杹鈻佲杹鈻佲杹鈻佲杹鈻佲杹鈻佲杹鈻佲杹鈻佲杹鈻佲杹鈻佲杹鈻佲杹
wandb:  eval/num_eval_batches 鈻佲杹鈻佲杹鈻佲杹鈻佲杹鈻佲杹鈻佲杹鈻佲杹鈻佲杹鈻佲杹鈻佲杹鈻佲杹鈻佲杹鈻佲杹鈻佲杹鈻佲杹鈻佲杹鈻佲杹鈻佲杹鈻佲杹鈻佲杹
wandb:          eval/val_loss 鈻嗏枀鈻勨杽鈻冣杻鈻冣杺鈻傗杺鈻傗杺鈻傗杺鈻傗杹鈻佲杹鈻佲杹鈻堚杺鈻傗杺鈻傗杹鈻佲杹鈻佲杹鈻嗏枂鈻嗏枂鈻嗏枂鈻嗏枂鈻傗杹
wandb:           optimizer/lr 鈻佲杹鈻佲杹鈻佲杹鈻佲杹鈻佲杹鈻佲杹鈻佲杹鈻佲杹鈻佲杹鈻佲杹鈻佲杹鈻佲杹鈻佲杹鈻佲杹鈻佲杹鈻佲杹鈻佲杹鈻佲杹鈻佲杹鈻佲杹
wandb:         step/grad_norm 鈻佲杹鈻傗杺鈻勨杻鈻冣杺鈻冣杻鈻勨杽鈻呪杻鈻嗏枀鈻呪杽鈻呪枀鈻堚杽鈻呪枀鈻勨枀鈻呪杽鈻呪杽鈻呪枀鈻呪枀鈻呪杽鈻呪杻鈻呪杻
wandb:              step/loss 鈻団枅鈻堚枂鈻嗏枃鈻団枂鈻嗏枀鈻嗏枅鈻嗏枅鈻佲枃鈻団枀鈻団枀鈻呪枀鈻団枂鈻団枀鈻呪枀鈻団枂鈻嗏枂鈻嗏枃鈻団枂鈻嗏枂鈻呪枂
wandb:                step/lr 鈻佲杹鈻佲杹鈻佲杹鈻佲杹鈻佲杹鈻佲杹鈻佲杹鈻佲杹鈻佲杹鈻佲杹鈻佲杹鈻佲杹鈻佲杹鈻佲杹鈻佲杹鈻佲杹鈻佲杹鈻佲杹鈻佲杹鈻佲杹
wandb:  step/num_eval_batches 鈻佲杹鈻佲杹鈻佲杹鈻佲杹鈻佲杹鈻佲杹鈻佲杹鈻佲杹鈻佲杹鈻佲杹鈻佲杹鈻佲杹鈻佲杹鈻佲杹鈻佲杹鈻佲杹鈻佲杹鈻佲杹鈻佲杹鈻佲杹
wandb: step/tokens_this_batch 鈻団杽鈻呪枃鈻呪杻鈻勨枀鈻勨枅鈻団枂鈻団枀鈻冣杽鈻呪杽鈻呪杻鈻冣杺鈻勨杻鈻傗枂鈻勨杽鈻嗏枂鈻佲杹鈻佲杽鈻傗枀鈻勨枀鈻呪枂
wandb:                     +8 ...
wandb: 
wandb: Run summary:
wandb:                   actual_params 78643200
wandb:      actual_target_train_tokens 2119276258
wandb:                   best_val_loss 4.17074
wandb:           diagnostics/grad_norm 1.84528
wandb: diagnostics/has_nan_or_inf_loss False
wandb:                 elapsed_seconds 21961.14869
wandb:              eval/best_val_loss 4.17074
wandb:           eval/num_eval_batches 50
wandb:                   eval/val_loss 4.17286
wandb:                 last_train_loss 3.79122
wandb:                             +20 ...
wandb: 
wandb: 馃殌 View run magic-sweep-4 at: https://wandb.ai/arc_agi/slm-runs/runs/mjsxpxd5
wandb: 猸愶笍 View project at: https://wandb.ai/arc_agi/slm-runs
wandb: Synced 7 W&B file(s), 0 media file(s), 0 artifact file(s) and 0 other file(s)
wandb: Find logs at: ./wandb/run-20260415_040809-mjsxpxd5/logs
wandb: Agent Starting Run: zf2m0802 with config:
wandb: 	compute_budget: 1000000000000000000
wandb: 	data_param_ratio: 30
wandb: 	seed: 42
wandb: 	selection_param_mode: kaplan
wandb: [wandb.login()] Loaded credentials for https://api.wandb.ai from /home/slo/.netrc.
wandb: WARNING Ignoring project 'slm-runs' when running a sweep.
wandb: setting up run zf2m0802
wandb: Tracking run with wandb version 0.25.1
wandb: Run data is saved locally in /fs04/scratch2/vf38/sloo0021/slm_repo/wandb/run-20260415_101421-zf2m0802
wandb: Run `wandb offline` to turn off syncing.
wandb: Syncing run smooth-sweep-5
wandb: 猸愶笍 View project at https://wandb.ai/arc_agi/slm-runs
wandb: 馃Ч View sweep at https://wandb.ai/arc_agi/slm-runs/sweeps/zxmsynm0
wandb: 馃殌 View run at https://wandb.ai/arc_agi/slm-runs/runs/zf2m0802
wandb: WARNING Ignoring project 'slm-runs' when running a sweep.
wandb: wandb.init() called while a run is active and reinit is set to 'default', so returning the previous run.
[2026-04-15T11:49:48.051] error: *** JOB 54811116 ON m3g109 CANCELLED AT 2026-04-15T11:49:48 DUE to SIGNAL Terminated ***
